<?xml version="1.0" encoding="UTF-8"?>
<Site BuildName="Linux-c++"
	BuildStamp="20250328-1012-Experimental"
	Name="gojira"
	Generator="ctest-3.22.1"
	CompilerName="/usr/bin/c++"
	CompilerVersion="11.4.0"
	OSName="Linux"
	Hostname="gojira"
	OSRelease="6.8.0-52-generic"
	OSVersion="#53~22.04.1-Ubuntu SMP PREEMPT_DYNAMIC Wed Jan 15 19:18:46 UTC 2"
	OSPlatform="x86_64"
	Is64Bits="1"
	VendorString="GenuineIntel"
	VendorID="Intel Corporation"
	FamilyID="6"
	ModelID="186"
	ProcessorCacheSize="12288"
	NumberOfLogicalCPU="12"
	NumberOfPhysicalCPU="10"
	TotalVirtualMemory="975"
	TotalPhysicalMemory="31731"
	LogicalProcessorsPerPhysical="1"
	ProcessorClockFrequency="900"
	>
	<Testing>
		<StartDateTime>Mar 28 11:12 CET</StartDateTime>
		<StartTestTime>1743156744</StartTestTime>
		<TestList/>
		<EndDateTime>Mar 28 11:12 CET</EndDateTime>
		<EndTestTime>1743156744</EndTestTime>
		<ElapsedMinutes>0</ElapsedMinutes>
	</Testing>
</Site>
